  Unicode-UTF-8 Version 2 (takes file and convertsfrom cp437).cpp
C:\Users\Tomas\source\repos\Unicode-UTF-8 Version 2 (takes file and convertsfrom cp437)\Unicode-UTF-8 Version 2 (takes file and convertsfrom cp437)\Unicode-UTF-8 Version 2 (takes file and convertsfrom cp437).cpp(16,1): warning C4005: 'UNICODE': macro redefinition
C:\Users\Tomas\source\repos\Unicode-UTF-8 Version 2 (takes file and convertsfrom cp437)\Unicode-UTF-8 Version 2 (takes file and convertsfrom cp437)\Unicode-UTF-8 Version 2 (takes file and convertsfrom cp437).cpp : message : see previous definition of 'UNICODE'
C:\Users\Tomas\source\repos\Unicode-UTF-8 Version 2 (takes file and convertsfrom cp437)\Unicode-UTF-8 Version 2 (takes file and convertsfrom cp437)\Unicode-UTF-8 Version 2 (takes file and convertsfrom cp437).cpp(17,1): warning C4005: '_UNICODE': macro redefinition
C:\Users\Tomas\source\repos\Unicode-UTF-8 Version 2 (takes file and convertsfrom cp437)\Unicode-UTF-8 Version 2 (takes file and convertsfrom cp437)\Unicode-UTF-8 Version 2 (takes file and convertsfrom cp437).cpp : message : see previous definition of '_UNICODE'
C:\Users\Tomas\source\repos\Unicode-UTF-8 Version 2 (takes file and convertsfrom cp437)\Unicode-UTF-8 Version 2 (takes file and convertsfrom cp437)\Unicode-UTF-8 Version 2 (takes file and convertsfrom cp437).cpp(60,18): warning C4018: '<': signed/unsigned mismatch
C:\Users\Tomas\source\repos\Unicode-UTF-8 Version 2 (takes file and convertsfrom cp437)\Unicode-UTF-8 Version 2 (takes file and convertsfrom cp437)\Unicode-UTF-8 Version 2 (takes file and convertsfrom cp437).cpp(102,21): warning C4018: '<': signed/unsigned mismatch
C:\Users\Tomas\source\repos\Unicode-UTF-8 Version 2 (takes file and convertsfrom cp437)\Unicode-UTF-8 Version 2 (takes file and convertsfrom cp437)\Unicode-UTF-8 Version 2 (takes file and convertsfrom cp437).cpp(155,22): warning C4018: '<': signed/unsigned mismatch
C:\Users\Tomas\source\repos\Unicode-UTF-8 Version 2 (takes file and convertsfrom cp437)\Unicode-UTF-8 Version 2 (takes file and convertsfrom cp437)\Unicode-UTF-8 Version 2 (takes file and convertsfrom cp437).cpp(159,24): warning C4018: '<': signed/unsigned mismatch
C:\Users\Tomas\source\repos\Unicode-UTF-8 Version 2 (takes file and convertsfrom cp437)\Unicode-UTF-8 Version 2 (takes file and convertsfrom cp437)\Unicode-UTF-8 Version 2 (takes file and convertsfrom cp437).cpp(179,21): warning C4018: '<': signed/unsigned mismatch
C:\Users\Tomas\source\repos\Unicode-UTF-8 Version 2 (takes file and convertsfrom cp437)\Unicode-UTF-8 Version 2 (takes file and convertsfrom cp437)\Unicode-UTF-8 Version 2 (takes file and convertsfrom cp437).cpp(181,22): warning C4018: '<': signed/unsigned mismatch
C:\Users\Tomas\source\repos\Unicode-UTF-8 Version 2 (takes file and convertsfrom cp437)\Unicode-UTF-8 Version 2 (takes file and convertsfrom cp437)\Unicode-UTF-8 Version 2 (takes file and convertsfrom cp437).cpp(197,21): warning C4018: '<': signed/unsigned mismatch
C:\Users\Tomas\source\repos\Unicode-UTF-8 Version 2 (takes file and convertsfrom cp437)\Unicode-UTF-8 Version 2 (takes file and convertsfrom cp437)\Unicode-UTF-8 Version 2 (takes file and convertsfrom cp437).cpp(200,22): warning C4018: '<': signed/unsigned mismatch
C:\Users\Tomas\source\repos\Unicode-UTF-8 Version 2 (takes file and convertsfrom cp437)\Unicode-UTF-8 Version 2 (takes file and convertsfrom cp437)\Unicode-UTF-8 Version 2 (takes file and convertsfrom cp437).cpp(240,20): warning C4018: '<': signed/unsigned mismatch
C:\Users\Tomas\source\repos\Unicode-UTF-8 Version 2 (takes file and convertsfrom cp437)\Unicode-UTF-8 Version 2 (takes file and convertsfrom cp437)\Unicode-UTF-8 Version 2 (takes file and convertsfrom cp437).cpp(247,17): warning C4244: 'initializing': conversion from 'long' to 'wchar_t', possible loss of data
C:\Users\Tomas\source\repos\Unicode-UTF-8 Version 2 (takes file and convertsfrom cp437)\Unicode-UTF-8 Version 2 (takes file and convertsfrom cp437)\Unicode-UTF-8 Version 2 (takes file and convertsfrom cp437).cpp(284,22): warning C4018: '<': signed/unsigned mismatch
C:\Users\Tomas\source\repos\Unicode-UTF-8 Version 2 (takes file and convertsfrom cp437)\Unicode-UTF-8 Version 2 (takes file and convertsfrom cp437)\Unicode-UTF-8 Version 2 (takes file and convertsfrom cp437).cpp(287,27): warning C4244: '=': conversion from 'wchar_t' to 'unsigned char', possible loss of data
C:\Users\Tomas\source\repos\Unicode-UTF-8 Version 2 (takes file and convertsfrom cp437)\Unicode-UTF-8 Version 2 (takes file and convertsfrom cp437)\Unicode-UTF-8 Version 2 (takes file and convertsfrom cp437).cpp(310,22): warning C4244: 'initializing': conversion from 'long' to 'wchar_t', possible loss of data
C:\Users\Tomas\source\repos\Unicode-UTF-8 Version 2 (takes file and convertsfrom cp437)\Unicode-UTF-8 Version 2 (takes file and convertsfrom cp437)\Unicode-UTF-8 Version 2 (takes file and convertsfrom cp437).cpp(99): warning C4715: 'converter::getHexCharacter': not all control paths return a value
  Unicode-UTF-8 Version 2 (takes file and convertsfrom cp437).vcxproj -> C:\Users\Tomas\source\repos\Unicode-UTF-8 Version 2 (takes file and convertsfrom cp437)\Debug\Unicode-UTF-8 Version 2 (takes file and convertsfrom cp437).exe
